<?xml version="1.0" encoding="UTF-8"?>
<testsuite name="Fixed Set" tests="24" skipped="0" failures="0" errors="0" timestamp="2022-10-03T07:33:52" hostname="DESKTOP-5PQMB36" time="9.112">
  <properties/>
  <testcase name="[1] 1, 0, 1" classname="testingconcurrency.ConcurrentSetTest$FixedSet" time="0.053"/>
  <testcase name="[2] 10, 0, 1" classname="testingconcurrency.ConcurrentSetTest$FixedSet" time="0.006"/>
  <testcase name="[3] 1, 0, 10" classname="testingconcurrency.ConcurrentSetTest$FixedSet" time="0.004"/>
  <testcase name="[4] 100, 0, 100" classname="testingconcurrency.ConcurrentSetTest$FixedSet" time="0.039"/>
  <testcase name="[5] 10000, 0, 1" classname="testingconcurrency.ConcurrentSetTest$FixedSet" time="0.077"/>
  <testcase name="[6] 1, 0, 10000" classname="testingconcurrency.ConcurrentSetTest$FixedSet" time="0.006"/>
  <testcase name="[7] 1000, 0, 1000" classname="testingconcurrency.ConcurrentSetTest$FixedSet" time="0.231"/>
  <testcase name="[8] 1, 0, 1000000" classname="testingconcurrency.ConcurrentSetTest$FixedSet" time="0.154"/>
  <testcase name="[1] 1, 0, 1" classname="testingconcurrency.ConcurrentSetTest$FixedSet" time="0.007"/>
  <testcase name="[2] 10, 0, 1" classname="testingconcurrency.ConcurrentSetTest$FixedSet" time="0.003"/>
  <testcase name="[3] 1, 0, 10" classname="testingconcurrency.ConcurrentSetTest$FixedSet" time="0.002"/>
  <testcase name="[4] 100, 0, 100" classname="testingconcurrency.ConcurrentSetTest$FixedSet" time="0.023"/>
  <testcase name="[5] 10000, 0, 1" classname="testingconcurrency.ConcurrentSetTest$FixedSet" time="6.77"/>
  <testcase name="[6] 1, 0, 10000" classname="testingconcurrency.ConcurrentSetTest$FixedSet" time="0.756"/>
  <testcase name="[7] 1000, 0, 1000" classname="testingconcurrency.ConcurrentSetTest$FixedSet" time="0.385"/>
  <testcase name="[8] 1, 0, 1000000" classname="testingconcurrency.ConcurrentSetTest$FixedSet" time="0.134"/>
  <testcase name="[1] 1, 1, 1" classname="testingconcurrency.ConcurrentSetTest$FixedSet" time="0.005"/>
  <testcase name="[2] 10, 10, 1" classname="testingconcurrency.ConcurrentSetTest$FixedSet" time="0.003"/>
  <testcase name="[3] 1, 10, 10" classname="testingconcurrency.ConcurrentSetTest$FixedSet" time="0.001"/>
  <testcase name="[4] 100, 10000, 100" classname="testingconcurrency.ConcurrentSetTest$FixedSet" time="0.008"/>
  <testcase name="[5] 10000, 10000, 1" classname="testingconcurrency.ConcurrentSetTest$FixedSet" time="0.039"/>
  <testcase name="[6] 1, 10000, 10000" classname="testingconcurrency.ConcurrentSetTest$FixedSet" time="0.002"/>
  <testcase name="[7] 1000, 1000000, 1000" classname="testingconcurrency.ConcurrentSetTest$FixedSet" time="0.22"/>
  <testcase name="[8] 1, 1000000, 1000000" classname="testingconcurrency.ConcurrentSetTest$FixedSet" time="0.11"/>
  <system-out><![CDATA[]]></system-out>
  <system-err><![CDATA[]]></system-err>
</testsuite>
